
Showing Recent Issues
Prepare packages
Prepare build
Build target powernapv2
Build target powernapv2 Watch App
SwiftCompile normal arm64_32 Compiling\ ExtendedRuntimeManager.swift,\ HealthKitService.swift,\ MotionService.swift /Users/michaellee/Documents/powernapv2/powernapv2\ Watch\ App/Services/ExtendedRuntimeManager.swift /Users/michaellee/Documents/powernapv2/powernapv2\ Watch\ App/Services/HealthKitService.swift /Users/michaellee/Documents/powernapv2/powernapv2\ Watch\ App/Services/MotionService.swift (in target 'powernapv2 Watch App' from project 'powernapv2')
    cd /Users/michaellee/Documents/powernapv2
    builtin-swiftTaskExecution -- /Applications/Xcode.app/Contents/Developer/Toolchains/XcodeDefault.xctoolchain/usr/bin/swift-frontend -frontend -c -primary-file /Users/michaellee/Documents/powernapv2/powernapv2\ Watch\ App/Services/ExtendedRuntimeManager.swift -primary-file /Users/michaellee/Documents/powernapv2/powernapv2\ Watch\ App/Services/HealthKitService.swift -primary-file /Users/michaellee/Documents/powernapv2/powernapv2\ Watch\ App/Services/MotionService.swift /Users/michaellee/Documents/powernapv2/powernapv2\ Watch\ App/Services/NotificationService.swift /Users/michaellee/Documents/powernapv2/powernapv2\ Watch\ App/Services/SleepDetectionService.swift /Users/michaellee/Documents/powernapv2/powernapv2\ Watch\ App/SharedModels/AgeGroup.swift /Users/michaellee/Documents/powernapv2/powernapv2\ Watch\ App/SharedModels/NapState.swift /Users/michaellee/Documents/powernapv2/powernapv2\ Watch\ App/SharedModels/SleepState.swift /Users/michaellee/Documents/powernapv2/powernapv2\ Watch\ App/ViewModels/PowerNapViewModel.swift /Users/michaellee/Documents/powernapv2/powernapv2\ Watch\ App/Views/AppTabView.swift /Users/michaellee/Documents/powernapv2/powernapv2\ Watch\ App/Views/DebugDataView.swift /Users/michaellee/Documents/powernapv2/powernapv2\ Watch\ App/Views/IntroView.swift /Users/michaellee/Documents/powernapv2/powernapv2\ Watch\ App/Views/MainNapView.swift /Users/michaellee/Documents/powernapv2/powernapv2\ Watch\ App/Views/PermissionsExplanationView.swift /Users/michaellee/Documents/powernapv2/powernapv2\ Watch\ App/Views/PermissionsRequestView.swift /Users/michaellee/Documents/powernapv2/powernapv2\ Watch\ App/Views/SettingsAgeThresholdView.swift /Users/michaellee/Documents/powernapv2/powernapv2\ Watch\ App/Views/SettingsGeneralView.swift /Users/michaellee/Documents/powernapv2/powernapv2\ Watch\ App/Views/SettingsView.swift /Users/michaellee/Documents/powernapv2/powernapv2\ Watch\ App/Views/WelcomeView.swift /Users/michaellee/Documents/powernapv2/powernapv2\ Watch\ App/powernapv2App.swift /Users/michaellee/Library/Developer/Xcode/DerivedData/powernapv2-djjfebhqyybnwkepdfjnqcouxxjn/Build/Intermediates.noindex/powernapv2.build/Debug-watchos/powernapv2\ Watch\ App.build/DerivedSources/GeneratedAssetSymbols.swift -supplementary-output-file-map /Users/michaellee/Library/Developer/Xcode/DerivedData/powernapv2-djjfebhqyybnwkepdfjnqcouxxjn/Build/Intermediates.noindex/powernapv2.build/Debug-watchos/powernapv2\ Watch\ App.build/Objects-normal/arm64_32/supplementaryOutputs-1 -emit-localized-strings -emit-localized-strings-path /Users/michaellee/Library/Developer/Xcode/DerivedData/powernapv2-djjfebhqyybnwkepdfjnqcouxxjn/Build/Intermediates.noindex/powernapv2.build/Debug-watchos/powernapv2\ Watch\ App.build/Objects-normal/arm64_32 -target arm64_32-apple-watchos11.2 -enable-objc-interop -sdk /Applications/Xcode.app/Contents/Developer/Platforms/WatchOS.platform/Developer/SDKs/WatchOS11.2.sdk -I /Users/michaellee/Library/Developer/Xcode/DerivedData/powernapv2-djjfebhqyybnwkepdfjnqcouxxjn/Build/Products/Debug-watchos -F /Users/michaellee/Library/Developer/Xcode/DerivedData/powernapv2-djjfebhqyybnwkepdfjnqcouxxjn/Build/Products/Debug-watchos -no-color-diagnostics -enable-testing -g -debug-info-format\=dwarf -dwarf-version\=5 -module-cache-path /Users/michaellee/Library/Developer/Xcode/DerivedData/ModuleCache.noindex -profile-generate -profile-coverage-mapping -swift-version 5 -enforce-exclusivity\=checked -Onone -D DEBUG -serialize-debugging-options -const-gather-protocols-file /Users/michaellee/Library/Developer/Xcode/DerivedData/powernapv2-djjfebhqyybnwkepdfjnqcouxxjn/Build/Intermediates.noindex/powernapv2.build/Debug-watchos/powernapv2\ Watch\ App.build/Objects-normal/arm64_32/powernapv2\ Watch\ App_const_extract_protocols.json -enable-experimental-feature DebugDescriptionMacro -enable-experimental-feature OpaqueTypeErasure -enable-bare-slash-regex -empty-abi-descriptor -validate-clang-modules-once -clang-build-session-file /Users/michaellee/Library/Developer/Xcode/DerivedData/ModuleCache.noindex/Session.modulevalidation -Xcc -working-directory -Xcc /Users/michaellee/Documents/powernapv2 -resource-dir /Applications/Xcode.app/Contents/Developer/Toolchains/XcodeDefault.xctoolchain/usr/lib/swift -enable-anonymous-context-mangled-names -file-compilation-dir /Users/michaellee/Documents/powernapv2 -Xcc -D_LIBCPP_HARDENING_MODE\=_LIBCPP_HARDENING_MODE_DEBUG -Xcc -ivfsstatcache -Xcc /Users/michaellee/Library/Developer/Xcode/DerivedData/SDKStatCaches.noindex/watchos11.2-22S97-0b3b2baea7cb8f92e0e7a0ebd9acdf21.sdkstatcache -Xcc -I/Users/michaellee/Library/Developer/Xcode/DerivedData/powernapv2-djjfebhqyybnwkepdfjnqcouxxjn/Build/Intermediates.noindex/powernapv2.build/Debug-watchos/powernapv2\ Watch\ App.build/swift-overrides.hmap -Xcc -iquote -Xcc /Users/michaellee/Library/Developer/Xcode/DerivedData/powernapv2-djjfebhqyybnwkepdfjnqcouxxjn/Build/Intermediates.noindex/powernapv2.build/Debug-watchos/powernapv2\ Watch\ App.build/powernapv2\ Watch\ App-generated-files.hmap -Xcc -I/Users/michaellee/Library/Developer/Xcode/DerivedData/powernapv2-djjfebhqyybnwkepdfjnqcouxxjn/Build/Intermediates.noindex/powernapv2.build/Debug-watchos/powernapv2\ Watch\ App.build/powernapv2\ Watch\ App-own-target-headers.hmap -Xcc -I/Users/michaellee/Library/Developer/Xcode/DerivedData/powernapv2-djjfebhqyybnwkepdfjnqcouxxjn/Build/Intermediates.noindex/powernapv2.build/Debug-watchos/powernapv2\ Watch\ App.build/powernapv2\ Watch\ App-all-target-headers.hmap -Xcc -iquote -Xcc /Users/michaellee/Library/Developer/Xcode/DerivedData/powernapv2-djjfebhqyybnwkepdfjnqcouxxjn/Build/Intermediates.noindex/powernapv2.build/Debug-watchos/powernapv2\ Watch\ App.build/powernapv2\ Watch\ App-project-headers.hmap -Xcc -I/Users/michaellee/Library/Developer/Xcode/DerivedData/powernapv2-djjfebhqyybnwkepdfjnqcouxxjn/Build/Products/Debug-watchos/include -Xcc -I/Users/michaellee/Library/Developer/Xcode/DerivedData/powernapv2-djjfebhqyybnwkepdfjnqcouxxjn/Build/Intermediates.noindex/powernapv2.build/Debug-watchos/powernapv2\ Watch\ App.build/DerivedSources-normal/arm64_32 -Xcc -I/Users/michaellee/Library/Developer/Xcode/DerivedData/powernapv2-djjfebhqyybnwkepdfjnqcouxxjn/Build/Intermediates.noindex/powernapv2.build/Debug-watchos/powernapv2\ Watch\ App.build/DerivedSources/arm64_32 -Xcc -I/Users/michaellee/Library/Developer/Xcode/DerivedData/powernapv2-djjfebhqyybnwkepdfjnqcouxxjn/Build/Intermediates.noindex/powernapv2.build/Debug-watchos/powernapv2\ Watch\ App.build/DerivedSources -Xcc -DDEBUG\=1 -module-name powernapv2_Watch_App -frontend-parseable-output -disable-clang-spi -target-sdk-version 11.2 -target-sdk-name watchos11.2 -external-plugin-path /Applications/Xcode.app/Contents/Developer/Platforms/WatchOS.platform/Developer/usr/lib/swift/host/plugins\#/Applications/Xcode.app/Contents/Developer/Platforms/WatchOS.platform/Developer/usr/bin/swift-plugin-server -external-plugin-path /Applications/Xcode.app/Contents/Developer/Platforms/WatchOS.platform/Developer/usr/local/lib/swift/host/plugins\#/Applications/Xcode.app/Contents/Developer/Platforms/WatchOS.platform/Developer/usr/bin/swift-plugin-server -plugin-path /Applications/Xcode.app/Contents/Developer/Toolchains/XcodeDefault.xctoolchain/usr/lib/swift/host/plugins -plugin-path /Applications/Xcode.app/Contents/Developer/Toolchains/XcodeDefault.xctoolchain/usr/local/lib/swift/host/plugins -o /Users/michaellee/Library/Developer/Xcode/DerivedData/powernapv2-djjfebhqyybnwkepdfjnqcouxxjn/Build/Intermediates.noindex/powernapv2.build/Debug-watchos/powernapv2\ Watch\ App.build/Objects-normal/arm64_32/ExtendedRuntimeManager.o -o /Users/michaellee/Library/Developer/Xcode/DerivedData/powernapv2-djjfebhqyybnwkepdfjnqcouxxjn/Build/Intermediates.noindex/powernapv2.build/Debug-watchos/powernapv2\ Watch\ App.build/Objects-normal/arm64_32/HealthKitService.o -o /Users/michaellee/Library/Developer/Xcode/DerivedData/powernapv2-djjfebhqyybnwkepdfjnqcouxxjn/Build/Intermediates.noindex/powernapv2.build/Debug-watchos/powernapv2\ Watch\ App.build/Objects-normal/arm64_32/MotionService.o -index-unit-output-path /powernapv2.build/Debug-watchos/powernapv2\ Watch\ App.build/Objects-normal/arm64_32/ExtendedRuntimeManager.o -index-unit-output-path /powernapv2.build/Debug-watchos/powernapv2\ Watch\ App.build/Objects-normal/arm64_32/HealthKitService.o -index-unit-output-path /powernapv2.build/Debug-watchos/powernapv2\ Watch\ App.build/Objects-normal/arm64_32/MotionService.o -index-store-path /Users/michaellee/Library/Developer/Xcode/DerivedData/powernapv2-djjfebhqyybnwkepdfjnqcouxxjn/Index.noindex/DataStore -index-system-modules

SwiftCompile normal arm64_32 /Users/michaellee/Documents/powernapv2/powernapv2\ Watch\ App/Services/ExtendedRuntimeManager.swift (in target 'powernapv2 Watch App' from project 'powernapv2')
    cd /Users/michaellee/Documents/powernapv2
    /Applications/Xcode.app/Contents/Developer/Toolchains/XcodeDefault.xctoolchain/usr/bin/swift-frontend -c -primary-file /Users/michaellee/Documents/powernapv2/powernapv2\ Watch\ App/Services/ExtendedRuntimeManager.swift -primary-file /Users/michaellee/Documents/powernapv2/powernapv2\ Watch\ App/Services/HealthKitService.swift -primary-file /Users/michaellee/Documents/powernapv2/powernapv2\ Watch\ App/Services/MotionService.swift /Users/michaellee/Documents/powernapv2/powernapv2\ Watch\ App/Services/NotificationService.swift /Users/michaellee/Documents/powernapv2/powernapv2\ Watch\ App/Services/SleepDetectionService.swift /Users/michaellee/Documents/powernapv2/powernapv2\ Watch\ App/SharedModels/AgeGroup.swift /Users/michaellee/Documents/powernapv2/powernapv2\ Watch\ App/SharedModels/NapState.swift /Users/michaellee/Documents/powernapv2/powernapv2\ Watch\ App/SharedModels/SleepState.swift /Users/michaellee/Documents/powernapv2/powernapv2\ Watch\ App/ViewModels/PowerNapViewModel.swift /Users/michaellee/Documents/powernapv2/powernapv2\ Watch\ App/Views/AppTabView.swift /Users/michaellee/Documents/powernapv2/powernapv2\ Watch\ App/Views/DebugDataView.swift /Users/michaellee/Documents/powernapv2/powernapv2\ Watch\ App/Views/IntroView.swift /Users/michaellee/Documents/powernapv2/powernapv2\ Watch\ App/Views/MainNapView.swift /Users/michaellee/Documents/powernapv2/powernapv2\ Watch\ App/Views/PermissionsExplanationView.swift /Users/michaellee/Documents/powernapv2/powernapv2\ Watch\ App/Views/PermissionsRequestView.swift /Users/michaellee/Documents/powernapv2/powernapv2\ Watch\ App/Views/SettingsAgeThresholdView.swift /Users/michaellee/Documents/powernapv2/powernapv2\ Watch\ App/Views/SettingsGeneralView.swift /Users/michaellee/Documents/powernapv2/powernapv2\ Watch\ App/Views/SettingsView.swift /Users/michaellee/Documents/powernapv2/powernapv2\ Watch\ App/Views/WelcomeView.swift /Users/michaellee/Documents/powernapv2/powernapv2\ Watch\ App/powernapv2App.swift /Users/michaellee/Library/Developer/Xcode/DerivedData/powernapv2-djjfebhqyybnwkepdfjnqcouxxjn/Build/Intermediates.noindex/powernapv2.build/Debug-watchos/powernapv2\ Watch\ App.build/DerivedSources/GeneratedAssetSymbols.swift -supplementary-output-file-map /Users/michaellee/Library/Developer/Xcode/DerivedData/powernapv2-djjfebhqyybnwkepdfjnqcouxxjn/Build/Intermediates.noindex/powernapv2.build/Debug-watchos/powernapv2\ Watch\ App.build/Objects-normal/arm64_32/supplementaryOutputs-1 -emit-localized-strings -emit-localized-strings-path /Users/michaellee/Library/Developer/Xcode/DerivedData/powernapv2-djjfebhqyybnwkepdfjnqcouxxjn/Build/Intermediates.noindex/powernapv2.build/Debug-watchos/powernapv2\ Watch\ App.build/Objects-normal/arm64_32 -target arm64_32-apple-watchos11.2 -enable-objc-interop -sdk /Applications/Xcode.app/Contents/Developer/Platforms/WatchOS.platform/Developer/SDKs/WatchOS11.2.sdk -I /Users/michaellee/Library/Developer/Xcode/DerivedData/powernapv2-djjfebhqyybnwkepdfjnqcouxxjn/Build/Products/Debug-watchos -F /Users/michaellee/Library/Developer/Xcode/DerivedData/powernapv2-djjfebhqyybnwkepdfjnqcouxxjn/Build/Products/Debug-watchos -no-color-diagnostics -enable-testing -g -debug-info-format\=dwarf -dwarf-version\=5 -module-cache-path /Users/michaellee/Library/Developer/Xcode/DerivedData/ModuleCache.noindex -profile-generate -profile-coverage-mapping -swift-version 5 -enforce-exclusivity\=checked -Onone -D DEBUG -serialize-debugging-options -const-gather-protocols-file /Users/michaellee/Library/Developer/Xcode/DerivedData/powernapv2-djjfebhqyybnwkepdfjnqcouxxjn/Build/Intermediates.noindex/powernapv2.build/Debug-watchos/powernapv2\ Watch\ App.build/Objects-normal/arm64_32/powernapv2\ Watch\ App_const_extract_protocols.json -enable-experimental-feature DebugDescriptionMacro -enable-experimental-feature OpaqueTypeErasure -enable-bare-slash-regex -empty-abi-descriptor -validate-clang-modules-once -clang-build-session-file /Users/michaellee/Library/Developer/Xcode/DerivedData/ModuleCache.noindex/Session.modulevalidation -Xcc -working-directory -Xcc /Users/michaellee/Documents/powernapv2 -resource-dir /Applications/Xcode.app/Contents/Developer/Toolchains/XcodeDefault.xctoolchain/usr/lib/swift -enable-anonymous-context-mangled-names -file-compilation-dir /Users/michaellee/Documents/powernapv2 -Xcc -D_LIBCPP_HARDENING_MODE\=_LIBCPP_HARDENING_MODE_DEBUG -Xcc -ivfsstatcache -Xcc /Users/michaellee/Library/Developer/Xcode/DerivedData/SDKStatCaches.noindex/watchos11.2-22S97-0b3b2baea7cb8f92e0e7a0ebd9acdf21.sdkstatcache -Xcc -I/Users/michaellee/Library/Developer/Xcode/DerivedData/powernapv2-djjfebhqyybnwkepdfjnqcouxxjn/Build/Intermediates.noindex/powernapv2.build/Debug-watchos/powernapv2\ Watch\ App.build/swift-overrides.hmap -Xcc -iquote -Xcc /Users/michaellee/Library/Developer/Xcode/DerivedData/powernapv2-djjfebhqyybnwkepdfjnqcouxxjn/Build/Intermediates.noindex/powernapv2.build/Debug-watchos/powernapv2\ Watch\ App.build/powernapv2\ Watch\ App-generated-files.hmap -Xcc -I/Users/michaellee/Library/Developer/Xcode/DerivedData/powernapv2-djjfebhqyybnwkepdfjnqcouxxjn/Build/Intermediates.noindex/powernapv2.build/Debug-watchos/powernapv2\ Watch\ App.build/powernapv2\ Watch\ App-own-target-headers.hmap -Xcc -I/Users/michaellee/Library/Developer/Xcode/DerivedData/powernapv2-djjfebhqyybnwkepdfjnqcouxxjn/Build/Intermediates.noindex/powernapv2.build/Debug-watchos/powernapv2\ Watch\ App.build/powernapv2\ Watch\ App-all-target-headers.hmap -Xcc -iquote -Xcc /Users/michaellee/Library/Developer/Xcode/DerivedData/powernapv2-djjfebhqyybnwkepdfjnqcouxxjn/Build/Intermediates.noindex/powernapv2.build/Debug-watchos/powernapv2\ Watch\ App.build/powernapv2\ Watch\ App-project-headers.hmap -Xcc -I/Users/michaellee/Library/Developer/Xcode/DerivedData/powernapv2-djjfebhqyybnwkepdfjnqcouxxjn/Build/Products/Debug-watchos/include -Xcc -I/Users/michaellee/Library/Developer/Xcode/DerivedData/powernapv2-djjfebhqyybnwkepdfjnqcouxxjn/Build/Intermediates.noindex/powernapv2.build/Debug-watchos/powernapv2\ Watch\ App.build/DerivedSources-normal/arm64_32 -Xcc -I/Users/michaellee/Library/Developer/Xcode/DerivedData/powernapv2-djjfebhqyybnwkepdfjnqcouxxjn/Build/Intermediates.noindex/powernapv2.build/Debug-watchos/powernapv2\ Watch\ App.build/DerivedSources/arm64_32 -Xcc -I/Users/michaellee/Library/Developer/Xcode/DerivedData/powernapv2-djjfebhqyybnwkepdfjnqcouxxjn/Build/Intermediates.noindex/powernapv2.build/Debug-watchos/powernapv2\ Watch\ App.build/DerivedSources -Xcc -DDEBUG\=1 -module-name powernapv2_Watch_App -frontend-parseable-output -disable-clang-spi -target-sdk-version 11.2 -target-sdk-name watchos11.2 -external-plugin-path /Applications/Xcode.app/Contents/Developer/Platforms/WatchOS.platform/Developer/usr/lib/swift/host/plugins\#/Applications/Xcode.app/Contents/Developer/Platforms/WatchOS.platform/Developer/usr/bin/swift-plugin-server -external-plugin-path /Applications/Xcode.app/Contents/Developer/Platforms/WatchOS.platform/Developer/usr/local/lib/swift/host/plugins\#/Applications/Xcode.app/Contents/Developer/Platforms/WatchOS.platform/Developer/usr/bin/swift-plugin-server -plugin-path /Applications/Xcode.app/Contents/Developer/Toolchains/XcodeDefault.xctoolchain/usr/lib/swift/host/plugins -plugin-path /Applications/Xcode.app/Contents/Developer/Toolchains/XcodeDefault.xctoolchain/usr/local/lib/swift/host/plugins -o /Users/michaellee/Library/Developer/Xcode/DerivedData/powernapv2-djjfebhqyybnwkepdfjnqcouxxjn/Build/Intermediates.noindex/powernapv2.build/Debug-watchos/powernapv2\ Watch\ App.build/Objects-normal/arm64_32/ExtendedRuntimeManager.o -o /Users/michaellee/Library/Developer/Xcode/DerivedData/powernapv2-djjfebhqyybnwkepdfjnqcouxxjn/Build/Intermediates.noindex/powernapv2.build/Debug-watchos/powernapv2\ Watch\ App.build/Objects-normal/arm64_32/HealthKitService.o -o /Users/michaellee/Library/Developer/Xcode/DerivedData/powernapv2-djjfebhqyybnwkepdfjnqcouxxjn/Build/Intermediates.noindex/powernapv2.build/Debug-watchos/powernapv2\ Watch\ App.build/Objects-normal/arm64_32/MotionService.o -index-unit-output-path /powernapv2.build/Debug-watchos/powernapv2\ Watch\ App.build/Objects-normal/arm64_32/ExtendedRuntimeManager.o -index-unit-output-path /powernapv2.build/Debug-watchos/powernapv2\ Watch\ App.build/Objects-normal/arm64_32/HealthKitService.o -index-unit-output-path /powernapv2.build/Debug-watchos/powernapv2\ Watch\ App.build/Objects-normal/arm64_32/MotionService.o -index-store-path /Users/michaellee/Library/Developer/Xcode/DerivedData/powernapv2-djjfebhqyybnwkepdfjnqcouxxjn/Index.noindex/DataStore -index-system-modules

/Users/michaellee/Documents/powernapv2/powernapv2 Watch App/Services/ExtendedRuntimeManager.swift:89:15: error: type 'WKExtendedRuntimeSessionInvalidationReason' has no member 'sessionEnded'
        case .sessionEnded: return "Session Ended Normally"
             ~^~~~~~~~~~~~
/Users/michaellee/Documents/powernapv2/powernapv2 Watch App/Services/ExtendedRuntimeManager.swift:90:15: error: type 'WKExtendedRuntimeSessionInvalidationReason' has no member 'forceEnded'
        case .forceEnded: return "System Force Ended"
             ~^~~~~~~~~~
/Users/michaellee/Documents/powernapv2/powernapv2 Watch App/Services/ExtendedRuntimeManager.swift:91:15: error: type 'WKExtendedRuntimeSessionInvalidationReason' has no member 'userEnded'
        case .userEnded: return "User Ended"
             ~^~~~~~~~~
/Users/michaellee/Documents/powernapv2/powernapv2 Watch App/Services/ExtendedRuntimeManager.swift:92:15: error: type 'WKExtendedRuntimeSessionInvalidationReason' has no member 'resourceConstraint'
        case .resourceConstraint: return "Resource Constraint"
             ~^~~~~~~~~~~~~~~~~~
/Users/michaellee/Documents/powernapv2/powernapv2 Watch App/Services/ExtendedRuntimeManager.swift:93:15: error: type 'WKExtendedRuntimeSessionInvalidationReason' has no member 'backgroundModeSuspended'
        case .backgroundModeSuspended: return "Background Mode Suspended"
             ~^~~~~~~~~~~~~~~~~~~~~~~
/Users/michaellee/Documents/powernapv2/powernapv2 Watch App/Services/ExtendedRuntimeManager.swift:94:15: error: type 'WKExtendedRuntimeSessionInvalidationReason' has no member 'backgroundModeDenied'
        case .backgroundModeDenied: return "Background Mode Denied"
             ~^~~~~~~~~~~~~~~~~~~~
/Users/michaellee/Documents/powernapv2/powernapv2 Watch App/Services/ExtendedRuntimeManager.swift:95:15: error: type 'WKExtendedRuntimeSessionInvalidationReason' has no member 'extensionRequestDenied'
        case .extensionRequestDenied: return "Extension Request Denied"
             ~^~~~~~~~~~~~~~~~~~~~~~

/Users/michaellee/Documents/powernapv2/powernapv2 Watch App/Services/ExtendedRuntimeManager.swift:89:15: Type 'WKExtendedRuntimeSessionInvalidationReason' has no member 'sessionEnded'

/Users/michaellee/Documents/powernapv2/powernapv2 Watch App/Services/ExtendedRuntimeManager.swift:90:15: Type 'WKExtendedRuntimeSessionInvalidationReason' has no member 'forceEnded'

/Users/michaellee/Documents/powernapv2/powernapv2 Watch App/Services/ExtendedRuntimeManager.swift:91:15: Type 'WKExtendedRuntimeSessionInvalidationReason' has no member 'userEnded'

/Users/michaellee/Documents/powernapv2/powernapv2 Watch App/Services/ExtendedRuntimeManager.swift:92:15: Type 'WKExtendedRuntimeSessionInvalidationReason' has no member 'resourceConstraint'

/Users/michaellee/Documents/powernapv2/powernapv2 Watch App/Services/ExtendedRuntimeManager.swift:93:15: Type 'WKExtendedRuntimeSessionInvalidationReason' has no member 'backgroundModeSuspended'

/Users/michaellee/Documents/powernapv2/powernapv2 Watch App/Services/ExtendedRuntimeManager.swift:94:15: Type 'WKExtendedRuntimeSessionInvalidationReason' has no member 'backgroundModeDenied'

/Users/michaellee/Documents/powernapv2/powernapv2 Watch App/Services/ExtendedRuntimeManager.swift:95:15: Type 'WKExtendedRuntimeSessionInvalidationReason' has no member 'extensionRequestDenied'

SwiftCompile normal arm64_32 Compiling\ powernapv2App.swift,\ GeneratedAssetSymbols.swift /Users/michaellee/Documents/powernapv2/powernapv2\ Watch\ App/powernapv2App.swift /Users/michaellee/Library/Developer/Xcode/DerivedData/powernapv2-djjfebhqyybnwkepdfjnqcouxxjn/Build/Intermediates.noindex/powernapv2.build/Debug-watchos/powernapv2\ Watch\ App.build/DerivedSources/GeneratedAssetSymbols.swift (in target 'powernapv2 Watch App' from project 'powernapv2')
    cd /Users/michaellee/Documents/powernapv2
    builtin-swiftTaskExecution -- /Applications/Xcode.app/Contents/Developer/Toolchains/XcodeDefault.xctoolchain/usr/bin/swift-frontend -frontend -c /Users/michaellee/Documents/powernapv2/powernapv2\ Watch\ App/Services/ExtendedRuntimeManager.swift /Users/michaellee/Documents/powernapv2/powernapv2\ Watch\ App/Services/HealthKitService.swift /Users/michaellee/Documents/powernapv2/powernapv2\ Watch\ App/Services/MotionService.swift /Users/michaellee/Documents/powernapv2/powernapv2\ Watch\ App/Services/NotificationService.swift /Users/michaellee/Documents/powernapv2/powernapv2\ Watch\ App/Services/SleepDetectionService.swift /Users/michaellee/Documents/powernapv2/powernapv2\ Watch\ App/SharedModels/AgeGroup.swift /Users/michaellee/Documents/powernapv2/powernapv2\ Watch\ App/SharedModels/NapState.swift /Users/michaellee/Documents/powernapv2/powernapv2\ Watch\ App/SharedModels/SleepState.swift /Users/michaellee/Documents/powernapv2/powernapv2\ Watch\ App/ViewModels/PowerNapViewModel.swift /Users/michaellee/Documents/powernapv2/powernapv2\ Watch\ App/Views/AppTabView.swift /Users/michaellee/Documents/powernapv2/powernapv2\ Watch\ App/Views/DebugDataView.swift /Users/michaellee/Documents/powernapv2/powernapv2\ Watch\ App/Views/IntroView.swift /Users/michaellee/Documents/powernapv2/powernapv2\ Watch\ App/Views/MainNapView.swift /Users/michaellee/Documents/powernapv2/powernapv2\ Watch\ App/Views/PermissionsExplanationView.swift /Users/michaellee/Documents/powernapv2/powernapv2\ Watch\ App/Views/PermissionsRequestView.swift /Users/michaellee/Documents/powernapv2/powernapv2\ Watch\ App/Views/SettingsAgeThresholdView.swift /Users/michaellee/Documents/powernapv2/powernapv2\ Watch\ App/Views/SettingsGeneralView.swift /Users/michaellee/Documents/powernapv2/powernapv2\ Watch\ App/Views/SettingsView.swift /Users/michaellee/Documents/powernapv2/powernapv2\ Watch\ App/Views/WelcomeView.swift -primary-file /Users/michaellee/Documents/powernapv2/powernapv2\ Watch\ App/powernapv2App.swift -primary-file /Users/michaellee/Library/Developer/Xcode/DerivedData/powernapv2-djjfebhqyybnwkepdfjnqcouxxjn/Build/Intermediates.noindex/powernapv2.build/Debug-watchos/powernapv2\ Watch\ App.build/DerivedSources/GeneratedAssetSymbols.swift -emit-dependencies-path /Users/michaellee/Library/Developer/Xcode/DerivedData/powernapv2-djjfebhqyybnwkepdfjnqcouxxjn/Build/Intermediates.noindex/powernapv2.build/Debug-watchos/powernapv2\ Watch\ App.build/Objects-normal/arm64_32/powernapv2App.d -emit-const-values-path /Users/michaellee/Library/Developer/Xcode/DerivedData/powernapv2-djjfebhqyybnwkepdfjnqcouxxjn/Build/Intermediates.noindex/powernapv2.build/Debug-watchos/powernapv2\ Watch\ App.build/Objects-normal/arm64_32/powernapv2App.swiftconstvalues -emit-reference-dependencies-path /Users/michaellee/Library/Developer/Xcode/DerivedData/powernapv2-djjfebhqyybnwkepdfjnqcouxxjn/Build/Intermediates.noindex/powernapv2.build/Debug-watchos/powernapv2\ Watch\ App.build/Objects-normal/arm64_32/powernapv2App.swiftdeps -serialize-diagnostics-path /Users/michaellee/Library/Developer/Xcode/DerivedData/powernapv2-djjfebhqyybnwkepdfjnqcouxxjn/Build/Intermediates.noindex/powernapv2.build/Debug-watchos/powernapv2\ Watch\ App.build/Objects-normal/arm64_32/powernapv2App.dia -emit-dependencies-path /Users/michaellee/Library/Developer/Xcode/DerivedData/powernapv2-djjfebhqyybnwkepdfjnqcouxxjn/Build/Intermediates.noindex/powernapv2.build/Debug-watchos/powernapv2\ Watch\ App.build/Objects-normal/arm64_32/GeneratedAssetSymbols.d -emit-const-values-path /Users/michaellee/Library/Developer/Xcode/DerivedData/powernapv2-djjfebhqyybnwkepdfjnqcouxxjn/Build/Intermediates.noindex/powernapv2.build/Debug-watchos/powernapv2\ Watch\ App.build/Objects-normal/arm64_32/GeneratedAssetSymbols.swiftconstvalues -emit-reference-dependencies-path /Users/michaellee/Library/Developer/Xcode/DerivedData/powernapv2-djjfebhqyybnwkepdfjnqcouxxjn/Build/Intermediates.noindex/powernapv2.build/Debug-watchos/powernapv2\ Watch\ App.build/Objects-normal/arm64_32/GeneratedAssetSymbols.swiftdeps -serialize-diagnostics-path /Users/michaellee/Library/Developer/Xcode/DerivedData/powernapv2-djjfebhqyybnwkepdfjnqcouxxjn/Build/Intermediates.noindex/powernapv2.build/Debug-watchos/powernapv2\ Watch\ App.build/Objects-normal/arm64_32/GeneratedAssetSymbols.dia -emit-localized-strings -emit-localized-strings-path /Users/michaellee/Library/Developer/Xcode/DerivedData/powernapv2-djjfebhqyybnwkepdfjnqcouxxjn/Build/Intermediates.noindex/powernapv2.build/Debug-watchos/powernapv2\ Watch\ App.build/Objects-normal/arm64_32 -target arm64_32-apple-watchos11.2 -enable-objc-interop -sdk /Applications/Xcode.app/Contents/Developer/Platforms/WatchOS.platform/Developer/SDKs/WatchOS11.2.sdk -I /Users/michaellee/Library/Developer/Xcode/DerivedData/powernapv2-djjfebhqyybnwkepdfjnqcouxxjn/Build/Products/Debug-watchos -F /Users/michaellee/Library/Developer/Xcode/DerivedData/powernapv2-djjfebhqyybnwkepdfjnqcouxxjn/Build/Products/Debug-watchos -no-color-diagnostics -enable-testing -g -debug-info-format\=dwarf -dwarf-version\=5 -module-cache-path /Users/michaellee/Library/Developer/Xcode/DerivedData/ModuleCache.noindex -profile-generate -profile-coverage-mapping -swift-version 5 -enforce-exclusivity\=checked -Onone -D DEBUG -serialize-debugging-options -const-gather-protocols-file /Users/michaellee/Library/Developer/Xcode/DerivedData/powernapv2-djjfebhqyybnwkepdfjnqcouxxjn/Build/Intermediates.noindex/powernapv2.build/Debug-watchos/powernapv2\ Watch\ App.build/Objects-normal/arm64_32/powernapv2\ Watch\ App_const_extract_protocols.json -enable-experimental-feature DebugDescriptionMacro -enable-experimental-feature OpaqueTypeErasure -enable-bare-slash-regex -empty-abi-descriptor -validate-clang-modules-once -clang-build-session-file /Users/michaellee/Library/Developer/Xcode/DerivedData/ModuleCache.noindex/Session.modulevalidation -Xcc -working-directory -Xcc /Users/michaellee/Documents/powernapv2 -resource-dir /Applications/Xcode.app/Contents/Developer/Toolchains/XcodeDefault.xctoolchain/usr/lib/swift -enable-anonymous-context-mangled-names -file-compilation-dir /Users/michaellee/Documents/powernapv2 -Xcc -D_LIBCPP_HARDENING_MODE\=_LIBCPP_HARDENING_MODE_DEBUG -Xcc -ivfsstatcache -Xcc /Users/michaellee/Library/Developer/Xcode/DerivedData/SDKStatCaches.noindex/watchos11.2-22S97-0b3b2baea7cb8f92e0e7a0ebd9acdf21.sdkstatcache -Xcc -I/Users/michaellee/Library/Developer/Xcode/DerivedData/powernapv2-djjfebhqyybnwkepdfjnqcouxxjn/Build/Intermediates.noindex/powernapv2.build/Debug-watchos/powernapv2\ Watch\ App.build/swift-overrides.hmap -Xcc -iquote -Xcc /Users/michaellee/Library/Developer/Xcode/DerivedData/powernapv2-djjfebhqyybnwkepdfjnqcouxxjn/Build/Intermediates.noindex/powernapv2.build/Debug-watchos/powernapv2\ Watch\ App.build/powernapv2\ Watch\ App-generated-files.hmap -Xcc -I/Users/michaellee/Library/Developer/Xcode/DerivedData/powernapv2-djjfebhqyybnwkepdfjnqcouxxjn/Build/Intermediates.noindex/powernapv2.build/Debug-watchos/powernapv2\ Watch\ App.build/powernapv2\ Watch\ App-own-target-headers.hmap -Xcc -I/Users/michaellee/Library/Developer/Xcode/DerivedData/powernapv2-djjfebhqyybnwkepdfjnqcouxxjn/Build/Intermediates.noindex/powernapv2.build/Debug-watchos/powernapv2\ Watch\ App.build/powernapv2\ Watch\ App-all-target-headers.hmap -Xcc -iquote -Xcc /Users/michaellee/Library/Developer/Xcode/DerivedData/powernapv2-djjfebhqyybnwkepdfjnqcouxxjn/Build/Intermediates.noindex/powernapv2.build/Debug-watchos/powernapv2\ Watch\ App.build/powernapv2\ Watch\ App-project-headers.hmap -Xcc -I/Users/michaellee/Library/Developer/Xcode/DerivedData/powernapv2-djjfebhqyybnwkepdfjnqcouxxjn/Build/Products/Debug-watchos/include -Xcc -I/Users/michaellee/Library/Developer/Xcode/DerivedData/powernapv2-djjfebhqyybnwkepdfjnqcouxxjn/Build/Intermediates.noindex/powernapv2.build/Debug-watchos/powernapv2\ Watch\ App.build/DerivedSources-normal/arm64_32 -Xcc -I/Users/michaellee/Library/Developer/Xcode/DerivedData/powernapv2-djjfebhqyybnwkepdfjnqcouxxjn/Build/Intermediates.noindex/powernapv2.build/Debug-watchos/powernapv2\ Watch\ App.build/DerivedSources/arm64_32 -Xcc -I/Users/michaellee/Library/Developer/Xcode/DerivedData/powernapv2-djjfebhqyybnwkepdfjnqcouxxjn/Build/Intermediates.noindex/powernapv2.build/Debug-watchos/powernapv2\ Watch\ App.build/DerivedSources -Xcc -DDEBUG\=1 -module-name powernapv2_Watch_App -frontend-parseable-output -disable-clang-spi -target-sdk-version 11.2 -target-sdk-name watchos11.2 -external-plugin-path /Applications/Xcode.app/Contents/Developer/Platforms/WatchOS.platform/Developer/usr/lib/swift/host/plugins\#/Applications/Xcode.app/Contents/Developer/Platforms/WatchOS.platform/Developer/usr/bin/swift-plugin-server -external-plugin-path /Applications/Xcode.app/Contents/Developer/Platforms/WatchOS.platform/Developer/usr/local/lib/swift/host/plugins\#/Applications/Xcode.app/Contents/Developer/Platforms/WatchOS.platform/Developer/usr/bin/swift-plugin-server -plugin-path /Applications/Xcode.app/Contents/Developer/Toolchains/XcodeDefault.xctoolchain/usr/lib/swift/host/plugins -plugin-path /Applications/Xcode.app/Contents/Developer/Toolchains/XcodeDefault.xctoolchain/usr/local/lib/swift/host/plugins -o /Users/michaellee/Library/Developer/Xcode/DerivedData/powernapv2-djjfebhqyybnwkepdfjnqcouxxjn/Build/Intermediates.noindex/powernapv2.build/Debug-watchos/powernapv2\ Watch\ App.build/Objects-normal/arm64_32/powernapv2App.o -o /Users/michaellee/Library/Developer/Xcode/DerivedData/powernapv2-djjfebhqyybnwkepdfjnqcouxxjn/Build/Intermediates.noindex/powernapv2.build/Debug-watchos/powernapv2\ Watch\ App.build/Objects-normal/arm64_32/GeneratedAssetSymbols.o -index-unit-output-path /powernapv2.build/Debug-watchos/powernapv2\ Watch\ App.build/Objects-normal/arm64_32/powernapv2App.o -index-unit-output-path /powernapv2.build/Debug-watchos/powernapv2\ Watch\ App.build/Objects-normal/arm64_32/GeneratedAssetSymbols.o -index-store-path /Users/michaellee/Library/Developer/Xcode/DerivedData/powernapv2-djjfebhqyybnwkepdfjnqcouxxjn/Index.noindex/DataStore -index-system-modules

Command SwiftCompile failed with a nonzero exit code

Command SwiftCompile failed with a nonzero exit code



Activity Log Complete    4/27/25, 5:26â€¯PM    8.1 seconds
