
Showing Recent Issues

Build target powernapv2 Watch App of project powernapv2 with configuration Debug

SwiftCompile normal arm64 Compiling\ WelcomeView.swift /Users/michaellee/Documents/powernapv2/powernapv2/Views/WelcomeView.swift (in target 'powernapv2 Watch App' from project 'powernapv2')
    cd /Users/michaellee/Documents/powernapv2
    builtin-swiftTaskExecution -- /Applications/Xcode.app/Contents/Developer/Toolchains/XcodeDefault.xctoolchain/usr/bin/swift-frontend -frontend -c /Users/michaellee/Documents/powernapv2/powernapv2/SharedModels/AgeGroup.swift /Users/michaellee/Documents/powernapv2/powernapv2/SharedModels/NapState.swift /Users/michaellee/Documents/powernapv2/powernapv2/ViewModels/PowerNapViewModel.swift /Users/michaellee/Documents/powernapv2/powernapv2\ Watch\ App/ContentView.swift -primary-file /Users/michaellee/Documents/powernapv2/powernapv2/Views/WelcomeView.swift /Users/michaellee/Documents/powernapv2/powernapv2\ Watch\ App/powernapv2App.swift /Users/michaellee/Documents/powernapv2/powernapv2/Services/NotificationService.swift /Users/michaellee/Documents/powernapv2/powernapv2/Services/MotionService.swift /Users/michaellee/Documents/powernapv2/powernapv2/Services/HealthKitService.swift /Users/michaellee/Library/Developer/Xcode/DerivedData/powernapv2-djjfebhqyybnwkepdfjnqcouxxjn/Build/Intermediates.noindex/powernapv2.build/Debug-watchsimulator/powernapv2\ Watch\ App.build/DerivedSources/GeneratedAssetSymbols.swift -emit-dependencies-path /Users/michaellee/Library/Developer/Xcode/DerivedData/powernapv2-djjfebhqyybnwkepdfjnqcouxxjn/Build/Intermediates.noindex/powernapv2.build/Debug-watchsimulator/powernapv2\ Watch\ App.build/Objects-normal/arm64/WelcomeView.d -emit-const-values-path /Users/michaellee/Library/Developer/Xcode/DerivedData/powernapv2-djjfebhqyybnwkepdfjnqcouxxjn/Build/Intermediates.noindex/powernapv2.build/Debug-watchsimulator/powernapv2\ Watch\ App.build/Objects-normal/arm64/WelcomeView.swiftconstvalues -emit-reference-dependencies-path /Users/michaellee/Library/Developer/Xcode/DerivedData/powernapv2-djjfebhqyybnwkepdfjnqcouxxjn/Build/Intermediates.noindex/powernapv2.build/Debug-watchsimulator/powernapv2\ Watch\ App.build/Objects-normal/arm64/WelcomeView.swiftdeps -serialize-diagnostics-path /Users/michaellee/Library/Developer/Xcode/DerivedData/powernapv2-djjfebhqyybnwkepdfjnqcouxxjn/Build/Intermediates.noindex/powernapv2.build/Debug-watchsimulator/powernapv2\ Watch\ App.build/Objects-normal/arm64/WelcomeView.dia -emit-localized-strings -emit-localized-strings-path /Users/michaellee/Library/Developer/Xcode/DerivedData/powernapv2-djjfebhqyybnwkepdfjnqcouxxjn/Build/Intermediates.noindex/powernapv2.build/Debug-watchsimulator/powernapv2\ Watch\ App.build/Objects-normal/arm64 -target arm64-apple-watchos11.2-simulator -Xllvm -aarch64-use-tbi -enable-objc-interop -sdk /Applications/Xcode.app/Contents/Developer/Platforms/WatchSimulator.platform/Developer/SDKs/WatchSimulator11.2.sdk -I /Users/michaellee/Library/Developer/Xcode/DerivedData/powernapv2-djjfebhqyybnwkepdfjnqcouxxjn/Build/Products/Debug-watchsimulator -F /Users/michaellee/Library/Developer/Xcode/DerivedData/powernapv2-djjfebhqyybnwkepdfjnqcouxxjn/Build/Products/Debug-watchsimulator -no-color-diagnostics -enable-testing -g -debug-info-format\=dwarf -dwarf-version\=5 -module-cache-path /Users/michaellee/Library/Developer/Xcode/DerivedData/ModuleCache.noindex -profile-generate -profile-coverage-mapping -swift-version 5 -enforce-exclusivity\=checked -Onone -D DEBUG -serialize-debugging-options -const-gather-protocols-file /Users/michaellee/Library/Developer/Xcode/DerivedData/powernapv2-djjfebhqyybnwkepdfjnqcouxxjn/Build/Intermediates.noindex/powernapv2.build/Debug-watchsimulator/powernapv2\ Watch\ App.build/Objects-normal/arm64/powernapv2\ Watch\ App_const_extract_protocols.json -enable-experimental-feature DebugDescriptionMacro -enable-experimental-feature OpaqueTypeErasure -enable-bare-slash-regex -empty-abi-descriptor -validate-clang-modules-once -clang-build-session-file /Users/michaellee/Library/Developer/Xcode/DerivedData/ModuleCache.noindex/Session.modulevalidation -Xcc -working-directory -Xcc /Users/michaellee/Documents/powernapv2 -resource-dir /Applications/Xcode.app/Contents/Developer/Toolchains/XcodeDefault.xctoolchain/usr/lib/swift -enable-anonymous-context-mangled-names -file-compilation-dir /Users/michaellee/Documents/powernapv2 -Xcc -D_LIBCPP_HARDENING_MODE\=_LIBCPP_HARDENING_MODE_DEBUG -Xcc -ivfsstatcache -Xcc /Users/michaellee/Library/Developer/Xcode/DerivedData/SDKStatCaches.noindex/watchsimulator11.2-22S97-04d0831f79ab17645c55e345d8ed2cd8.sdkstatcache -Xcc -I/Users/michaellee/Library/Developer/Xcode/DerivedData/powernapv2-djjfebhqyybnwkepdfjnqcouxxjn/Build/Intermediates.noindex/powernapv2.build/Debug-watchsimulator/powernapv2\ Watch\ App.build/swift-overrides.hmap -Xcc -iquote -Xcc /Users/michaellee/Library/Developer/Xcode/DerivedData/powernapv2-djjfebhqyybnwkepdfjnqcouxxjn/Build/Intermediates.noindex/powernapv2.build/Debug-watchsimulator/powernapv2\ Watch\ App.build/powernapv2\ Watch\ App-generated-files.hmap -Xcc -I/Users/michaellee/Library/Developer/Xcode/DerivedData/powernapv2-djjfebhqyybnwkepdfjnqcouxxjn/Build/Intermediates.noindex/powernapv2.build/Debug-watchsimulator/powernapv2\ Watch\ App.build/powernapv2\ Watch\ App-own-target-headers.hmap -Xcc -I/Users/michaellee/Library/Developer/Xcode/DerivedData/powernapv2-djjfebhqyybnwkepdfjnqcouxxjn/Build/Intermediates.noindex/powernapv2.build/Debug-watchsimulator/powernapv2\ Watch\ App.build/powernapv2\ Watch\ App-all-target-headers.hmap -Xcc -iquote -Xcc /Users/michaellee/Library/Developer/Xcode/DerivedData/powernapv2-djjfebhqyybnwkepdfjnqcouxxjn/Build/Intermediates.noindex/powernapv2.build/Debug-watchsimulator/powernapv2\ Watch\ App.build/powernapv2\ Watch\ App-project-headers.hmap -Xcc -I/Users/michaellee/Library/Developer/Xcode/DerivedData/powernapv2-djjfebhqyybnwkepdfjnqcouxxjn/Build/Products/Debug-watchsimulator/include -Xcc -I/Users/michaellee/Library/Developer/Xcode/DerivedData/powernapv2-djjfebhqyybnwkepdfjnqcouxxjn/Build/Intermediates.noindex/powernapv2.build/Debug-watchsimulator/powernapv2\ Watch\ App.build/DerivedSources-normal/arm64 -Xcc -I/Users/michaellee/Library/Developer/Xcode/DerivedData/powernapv2-djjfebhqyybnwkepdfjnqcouxxjn/Build/Intermediates.noindex/powernapv2.build/Debug-watchsimulator/powernapv2\ Watch\ App.build/DerivedSources/arm64 -Xcc -I/Users/michaellee/Library/Developer/Xcode/DerivedData/powernapv2-djjfebhqyybnwkepdfjnqcouxxjn/Build/Intermediates.noindex/powernapv2.build/Debug-watchsimulator/powernapv2\ Watch\ App.build/DerivedSources -Xcc -DDEBUG\=1 -module-name powernapv2_Watch_App -frontend-parseable-output -disable-clang-spi -target-sdk-version 11.2 -target-sdk-name watchsimulator11.2 -external-plugin-path /Applications/Xcode.app/Contents/Developer/Platforms/WatchOS.platform/Developer/usr/lib/swift/host/plugins\#/Applications/Xcode.app/Contents/Developer/Platforms/WatchOS.platform/Developer/usr/bin/swift-plugin-server -external-plugin-path /Applications/Xcode.app/Contents/Developer/Platforms/WatchOS.platform/Developer/usr/local/lib/swift/host/plugins\#/Applications/Xcode.app/Contents/Developer/Platforms/WatchOS.platform/Developer/usr/bin/swift-plugin-server -plugin-path /Applications/Xcode.app/Contents/Developer/Toolchains/XcodeDefault.xctoolchain/usr/lib/swift/host/plugins -plugin-path /Applications/Xcode.app/Contents/Developer/Toolchains/XcodeDefault.xctoolchain/usr/local/lib/swift/host/plugins -o /Users/michaellee/Library/Developer/Xcode/DerivedData/powernapv2-djjfebhqyybnwkepdfjnqcouxxjn/Build/Intermediates.noindex/powernapv2.build/Debug-watchsimulator/powernapv2\ Watch\ App.build/Objects-normal/arm64/WelcomeView.o -index-unit-output-path /powernapv2.build/Debug-watchsimulator/powernapv2\ Watch\ App.build/Objects-normal/arm64/WelcomeView.o -index-store-path /Users/michaellee/Library/Developer/Xcode/DerivedData/powernapv2-djjfebhqyybnwkepdfjnqcouxxjn/Index.noindex/DataStore -index-system-modules

SwiftCompile normal arm64 /Users/michaellee/Documents/powernapv2/powernapv2/Views/WelcomeView.swift (in target 'powernapv2 Watch App' from project 'powernapv2')
    cd /Users/michaellee/Documents/powernapv2
    /Applications/Xcode.app/Contents/Developer/Toolchains/XcodeDefault.xctoolchain/usr/bin/swift-frontend -c /Users/michaellee/Documents/powernapv2/powernapv2/SharedModels/AgeGroup.swift /Users/michaellee/Documents/powernapv2/powernapv2/SharedModels/NapState.swift /Users/michaellee/Documents/powernapv2/powernapv2/ViewModels/PowerNapViewModel.swift /Users/michaellee/Documents/powernapv2/powernapv2\ Watch\ App/ContentView.swift -primary-file /Users/michaellee/Documents/powernapv2/powernapv2/Views/WelcomeView.swift /Users/michaellee/Documents/powernapv2/powernapv2\ Watch\ App/powernapv2App.swift /Users/michaellee/Documents/powernapv2/powernapv2/Services/NotificationService.swift /Users/michaellee/Documents/powernapv2/powernapv2/Services/MotionService.swift /Users/michaellee/Documents/powernapv2/powernapv2/Services/HealthKitService.swift /Users/michaellee/Library/Developer/Xcode/DerivedData/powernapv2-djjfebhqyybnwkepdfjnqcouxxjn/Build/Intermediates.noindex/powernapv2.build/Debug-watchsimulator/powernapv2\ Watch\ App.build/DerivedSources/GeneratedAssetSymbols.swift -emit-dependencies-path /Users/michaellee/Library/Developer/Xcode/DerivedData/powernapv2-djjfebhqyybnwkepdfjnqcouxxjn/Build/Intermediates.noindex/powernapv2.build/Debug-watchsimulator/powernapv2\ Watch\ App.build/Objects-normal/arm64/WelcomeView.d -emit-const-values-path /Users/michaellee/Library/Developer/Xcode/DerivedData/powernapv2-djjfebhqyybnwkepdfjnqcouxxjn/Build/Intermediates.noindex/powernapv2.build/Debug-watchsimulator/powernapv2\ Watch\ App.build/Objects-normal/arm64/WelcomeView.swiftconstvalues -emit-reference-dependencies-path /Users/michaellee/Library/Developer/Xcode/DerivedData/powernapv2-djjfebhqyybnwkepdfjnqcouxxjn/Build/Intermediates.noindex/powernapv2.build/Debug-watchsimulator/powernapv2\ Watch\ App.build/Objects-normal/arm64/WelcomeView.swiftdeps -serialize-diagnostics-path /Users/michaellee/Library/Developer/Xcode/DerivedData/powernapv2-djjfebhqyybnwkepdfjnqcouxxjn/Build/Intermediates.noindex/powernapv2.build/Debug-watchsimulator/powernapv2\ Watch\ App.build/Objects-normal/arm64/WelcomeView.dia -emit-localized-strings -emit-localized-strings-path /Users/michaellee/Library/Developer/Xcode/DerivedData/powernapv2-djjfebhqyybnwkepdfjnqcouxxjn/Build/Intermediates.noindex/powernapv2.build/Debug-watchsimulator/powernapv2\ Watch\ App.build/Objects-normal/arm64 -target arm64-apple-watchos11.2-simulator -Xllvm -aarch64-use-tbi -enable-objc-interop -sdk /Applications/Xcode.app/Contents/Developer/Platforms/WatchSimulator.platform/Developer/SDKs/WatchSimulator11.2.sdk -I /Users/michaellee/Library/Developer/Xcode/DerivedData/powernapv2-djjfebhqyybnwkepdfjnqcouxxjn/Build/Products/Debug-watchsimulator -F /Users/michaellee/Library/Developer/Xcode/DerivedData/powernapv2-djjfebhqyybnwkepdfjnqcouxxjn/Build/Products/Debug-watchsimulator -no-color-diagnostics -enable-testing -g -debug-info-format\=dwarf -dwarf-version\=5 -module-cache-path /Users/michaellee/Library/Developer/Xcode/DerivedData/ModuleCache.noindex -profile-generate -profile-coverage-mapping -swift-version 5 -enforce-exclusivity\=checked -Onone -D DEBUG -serialize-debugging-options -const-gather-protocols-file /Users/michaellee/Library/Developer/Xcode/DerivedData/powernapv2-djjfebhqyybnwkepdfjnqcouxxjn/Build/Intermediates.noindex/powernapv2.build/Debug-watchsimulator/powernapv2\ Watch\ App.build/Objects-normal/arm64/powernapv2\ Watch\ App_const_extract_protocols.json -enable-experimental-feature DebugDescriptionMacro -enable-experimental-feature OpaqueTypeErasure -enable-bare-slash-regex -empty-abi-descriptor -validate-clang-modules-once -clang-build-session-file /Users/michaellee/Library/Developer/Xcode/DerivedData/ModuleCache.noindex/Session.modulevalidation -Xcc -working-directory -Xcc /Users/michaellee/Documents/powernapv2 -resource-dir /Applications/Xcode.app/Contents/Developer/Toolchains/XcodeDefault.xctoolchain/usr/lib/swift -enable-anonymous-context-mangled-names -file-compilation-dir /Users/michaellee/Documents/powernapv2 -Xcc -D_LIBCPP_HARDENING_MODE\=_LIBCPP_HARDENING_MODE_DEBUG -Xcc -ivfsstatcache -Xcc /Users/michaellee/Library/Developer/Xcode/DerivedData/SDKStatCaches.noindex/watchsimulator11.2-22S97-04d0831f79ab17645c55e345d8ed2cd8.sdkstatcache -Xcc -I/Users/michaellee/Library/Developer/Xcode/DerivedData/powernapv2-djjfebhqyybnwkepdfjnqcouxxjn/Build/Intermediates.noindex/powernapv2.build/Debug-watchsimulator/powernapv2\ Watch\ App.build/swift-overrides.hmap -Xcc -iquote -Xcc /Users/michaellee/Library/Developer/Xcode/DerivedData/powernapv2-djjfebhqyybnwkepdfjnqcouxxjn/Build/Intermediates.noindex/powernapv2.build/Debug-watchsimulator/powernapv2\ Watch\ App.build/powernapv2\ Watch\ App-generated-files.hmap -Xcc -I/Users/michaellee/Library/Developer/Xcode/DerivedData/powernapv2-djjfebhqyybnwkepdfjnqcouxxjn/Build/Intermediates.noindex/powernapv2.build/Debug-watchsimulator/powernapv2\ Watch\ App.build/powernapv2\ Watch\ App-own-target-headers.hmap -Xcc -I/Users/michaellee/Library/Developer/Xcode/DerivedData/powernapv2-djjfebhqyybnwkepdfjnqcouxxjn/Build/Intermediates.noindex/powernapv2.build/Debug-watchsimulator/powernapv2\ Watch\ App.build/powernapv2\ Watch\ App-all-target-headers.hmap -Xcc -iquote -Xcc /Users/michaellee/Library/Developer/Xcode/DerivedData/powernapv2-djjfebhqyybnwkepdfjnqcouxxjn/Build/Intermediates.noindex/powernapv2.build/Debug-watchsimulator/powernapv2\ Watch\ App.build/powernapv2\ Watch\ App-project-headers.hmap -Xcc -I/Users/michaellee/Library/Developer/Xcode/DerivedData/powernapv2-djjfebhqyybnwkepdfjnqcouxxjn/Build/Products/Debug-watchsimulator/include -Xcc -I/Users/michaellee/Library/Developer/Xcode/DerivedData/powernapv2-djjfebhqyybnwkepdfjnqcouxxjn/Build/Intermediates.noindex/powernapv2.build/Debug-watchsimulator/powernapv2\ Watch\ App.build/DerivedSources-normal/arm64 -Xcc -I/Users/michaellee/Library/Developer/Xcode/DerivedData/powernapv2-djjfebhqyybnwkepdfjnqcouxxjn/Build/Intermediates.noindex/powernapv2.build/Debug-watchsimulator/powernapv2\ Watch\ App.build/DerivedSources/arm64 -Xcc -I/Users/michaellee/Library/Developer/Xcode/DerivedData/powernapv2-djjfebhqyybnwkepdfjnqcouxxjn/Build/Intermediates.noindex/powernapv2.build/Debug-watchsimulator/powernapv2\ Watch\ App.build/DerivedSources -Xcc -DDEBUG\=1 -module-name powernapv2_Watch_App -frontend-parseable-output -disable-clang-spi -target-sdk-version 11.2 -target-sdk-name watchsimulator11.2 -external-plugin-path /Applications/Xcode.app/Contents/Developer/Platforms/WatchOS.platform/Developer/usr/lib/swift/host/plugins\#/Applications/Xcode.app/Contents/Developer/Platforms/WatchOS.platform/Developer/usr/bin/swift-plugin-server -external-plugin-path /Applications/Xcode.app/Contents/Developer/Platforms/WatchOS.platform/Developer/usr/local/lib/swift/host/plugins\#/Applications/Xcode.app/Contents/Developer/Platforms/WatchOS.platform/Developer/usr/bin/swift-plugin-server -plugin-path /Applications/Xcode.app/Contents/Developer/Toolchains/XcodeDefault.xctoolchain/usr/lib/swift/host/plugins -plugin-path /Applications/Xcode.app/Contents/Developer/Toolchains/XcodeDefault.xctoolchain/usr/local/lib/swift/host/plugins -o /Users/michaellee/Library/Developer/Xcode/DerivedData/powernapv2-djjfebhqyybnwkepdfjnqcouxxjn/Build/Intermediates.noindex/powernapv2.build/Debug-watchsimulator/powernapv2\ Watch\ App.build/Objects-normal/arm64/WelcomeView.o -index-unit-output-path /powernapv2.build/Debug-watchsimulator/powernapv2\ Watch\ App.build/Objects-normal/arm64/WelcomeView.o -index-store-path /Users/michaellee/Library/Developer/Xcode/DerivedData/powernapv2-djjfebhqyybnwkepdfjnqcouxxjn/Index.noindex/DataStore -index-system-modules

/Users/michaellee/Documents/powernapv2/powernapv2/Views/WelcomeView.swift:82:11: error: cannot find type 'UNAuthorizationStatus' in scope
extension UNAuthorizationStatus: CustomStringConvertible {
          ^~~~~~~~~~~~~~~~~~~~~
/Users/michaellee/Documents/powernapv2/powernapv2/Views/WelcomeView.swift:96:11: error: cannot find type 'HKAuthorizationStatus' in scope
extension HKAuthorizationStatus: CustomStringConvertible {
          ^~~~~~~~~~~~~~~~~~~~~
/Users/michaellee/Documents/powernapv2/powernapv2/Views/WelcomeView.swift:21:110: error: value of type 'UNAuthorizationStatus' has no member 'description'
            permissionStatusView(permissionName: "通知", status: viewModel.notificationAuthorizationStatus.description) // 暫用 description

/Users/michaellee/Documents/powernapv2/powernapv2/Views/WelcomeView.swift:82:11: Cannot find type 'UNAuthorizationStatus' in scope

/Users/michaellee/Documents/powernapv2/powernapv2/Views/WelcomeView.swift:96:11: Cannot find type 'HKAuthorizationStatus' in scope

/Users/michaellee/Documents/powernapv2/powernapv2/Views/WelcomeView.swift:21:110: Value of type 'UNAuthorizationStatus' has no member 'description'

SwiftCompile normal arm64 Compiling\ AgeGroup.swift,\ NapState.swift /Users/michaellee/Documents/powernapv2/powernapv2/SharedModels/AgeGroup.swift /Users/michaellee/Documents/powernapv2/powernapv2/SharedModels/NapState.swift (in target 'powernapv2 Watch App' from project 'powernapv2')
    cd /Users/michaellee/Documents/powernapv2
    builtin-swiftTaskExecution -- /Applications/Xcode.app/Contents/Developer/Toolchains/XcodeDefault.xctoolchain/usr/bin/swift-frontend -frontend -c -primary-file /Users/michaellee/Documents/powernapv2/powernapv2/SharedModels/AgeGroup.swift -primary-file /Users/michaellee/Documents/powernapv2/powernapv2/SharedModels/NapState.swift /Users/michaellee/Documents/powernapv2/powernapv2/ViewModels/PowerNapViewModel.swift /Users/michaellee/Documents/powernapv2/powernapv2\ Watch\ App/ContentView.swift /Users/michaellee/Documents/powernapv2/powernapv2/Views/WelcomeView.swift /Users/michaellee/Documents/powernapv2/powernapv2\ Watch\ App/powernapv2App.swift /Users/michaellee/Documents/powernapv2/powernapv2/Services/NotificationService.swift /Users/michaellee/Documents/powernapv2/powernapv2/Services/MotionService.swift /Users/michaellee/Documents/powernapv2/powernapv2/Services/HealthKitService.swift /Users/michaellee/Library/Developer/Xcode/DerivedData/powernapv2-djjfebhqyybnwkepdfjnqcouxxjn/Build/Intermediates.noindex/powernapv2.build/Debug-watchsimulator/powernapv2\ Watch\ App.build/DerivedSources/GeneratedAssetSymbols.swift -emit-dependencies-path /Users/michaellee/Library/Developer/Xcode/DerivedData/powernapv2-djjfebhqyybnwkepdfjnqcouxxjn/Build/Intermediates.noindex/powernapv2.build/Debug-watchsimulator/powernapv2\ Watch\ App.build/Objects-normal/arm64/AgeGroup.d -emit-const-values-path /Users/michaellee/Library/Developer/Xcode/DerivedData/powernapv2-djjfebhqyybnwkepdfjnqcouxxjn/Build/Intermediates.noindex/powernapv2.build/Debug-watchsimulator/powernapv2\ Watch\ App.build/Objects-normal/arm64/AgeGroup.swiftconstvalues -emit-reference-dependencies-path /Users/michaellee/Library/Developer/Xcode/DerivedData/powernapv2-djjfebhqyybnwkepdfjnqcouxxjn/Build/Intermediates.noindex/powernapv2.build/Debug-watchsimulator/powernapv2\ Watch\ App.build/Objects-normal/arm64/AgeGroup.swiftdeps -serialize-diagnostics-path /Users/michaellee/Library/Developer/Xcode/DerivedData/powernapv2-djjfebhqyybnwkepdfjnqcouxxjn/Build/Intermediates.noindex/powernapv2.build/Debug-watchsimulator/powernapv2\ Watch\ App.build/Objects-normal/arm64/AgeGroup.dia -emit-dependencies-path /Users/michaellee/Library/Developer/Xcode/DerivedData/powernapv2-djjfebhqyybnwkepdfjnqcouxxjn/Build/Intermediates.noindex/powernapv2.build/Debug-watchsimulator/powernapv2\ Watch\ App.build/Objects-normal/arm64/NapState.d -emit-const-values-path /Users/michaellee/Library/Developer/Xcode/DerivedData/powernapv2-djjfebhqyybnwkepdfjnqcouxxjn/Build/Intermediates.noindex/powernapv2.build/Debug-watchsimulator/powernapv2\ Watch\ App.build/Objects-normal/arm64/NapState.swiftconstvalues -emit-reference-dependencies-path /Users/michaellee/Library/Developer/Xcode/DerivedData/powernapv2-djjfebhqyybnwkepdfjnqcouxxjn/Build/Intermediates.noindex/powernapv2.build/Debug-watchsimulator/powernapv2\ Watch\ App.build/Objects-normal/arm64/NapState.swiftdeps -serialize-diagnostics-path /Users/michaellee/Library/Developer/Xcode/DerivedData/powernapv2-djjfebhqyybnwkepdfjnqcouxxjn/Build/Intermediates.noindex/powernapv2.build/Debug-watchsimulator/powernapv2\ Watch\ App.build/Objects-normal/arm64/NapState.dia -emit-localized-strings -emit-localized-strings-path /Users/michaellee/Library/Developer/Xcode/DerivedData/powernapv2-djjfebhqyybnwkepdfjnqcouxxjn/Build/Intermediates.noindex/powernapv2.build/Debug-watchsimulator/powernapv2\ Watch\ App.build/Objects-normal/arm64 -target arm64-apple-watchos11.2-simulator -Xllvm -aarch64-use-tbi -enable-objc-interop -sdk /Applications/Xcode.app/Contents/Developer/Platforms/WatchSimulator.platform/Developer/SDKs/WatchSimulator11.2.sdk -I /Users/michaellee/Library/Developer/Xcode/DerivedData/powernapv2-djjfebhqyybnwkepdfjnqcouxxjn/Build/Products/Debug-watchsimulator -F /Users/michaellee/Library/Developer/Xcode/DerivedData/powernapv2-djjfebhqyybnwkepdfjnqcouxxjn/Build/Products/Debug-watchsimulator -no-color-diagnostics -enable-testing -g -debug-info-format\=dwarf -dwarf-version\=5 -module-cache-path /Users/michaellee/Library/Developer/Xcode/DerivedData/ModuleCache.noindex -profile-generate -profile-coverage-mapping -swift-version 5 -enforce-exclusivity\=checked -Onone -D DEBUG -serialize-debugging-options -const-gather-protocols-file /Users/michaellee/Library/Developer/Xcode/DerivedData/powernapv2-djjfebhqyybnwkepdfjnqcouxxjn/Build/Intermediates.noindex/powernapv2.build/Debug-watchsimulator/powernapv2\ Watch\ App.build/Objects-normal/arm64/powernapv2\ Watch\ App_const_extract_protocols.json -enable-experimental-feature DebugDescriptionMacro -enable-experimental-feature OpaqueTypeErasure -enable-bare-slash-regex -empty-abi-descriptor -validate-clang-modules-once -clang-build-session-file /Users/michaellee/Library/Developer/Xcode/DerivedData/ModuleCache.noindex/Session.modulevalidation -Xcc -working-directory -Xcc /Users/michaellee/Documents/powernapv2 -resource-dir /Applications/Xcode.app/Contents/Developer/Toolchains/XcodeDefault.xctoolchain/usr/lib/swift -enable-anonymous-context-mangled-names -file-compilation-dir /Users/michaellee/Documents/powernapv2 -Xcc -D_LIBCPP_HARDENING_MODE\=_LIBCPP_HARDENING_MODE_DEBUG -Xcc -ivfsstatcache -Xcc /Users/michaellee/Library/Developer/Xcode/DerivedData/SDKStatCaches.noindex/watchsimulator11.2-22S97-04d0831f79ab17645c55e345d8ed2cd8.sdkstatcache -Xcc -I/Users/michaellee/Library/Developer/Xcode/DerivedData/powernapv2-djjfebhqyybnwkepdfjnqcouxxjn/Build/Intermediates.noindex/powernapv2.build/Debug-watchsimulator/powernapv2\ Watch\ App.build/swift-overrides.hmap -Xcc -iquote -Xcc /Users/michaellee/Library/Developer/Xcode/DerivedData/powernapv2-djjfebhqyybnwkepdfjnqcouxxjn/Build/Intermediates.noindex/powernapv2.build/Debug-watchsimulator/powernapv2\ Watch\ App.build/powernapv2\ Watch\ App-generated-files.hmap -Xcc -I/Users/michaellee/Library/Developer/Xcode/DerivedData/powernapv2-djjfebhqyybnwkepdfjnqcouxxjn/Build/Intermediates.noindex/powernapv2.build/Debug-watchsimulator/powernapv2\ Watch\ App.build/powernapv2\ Watch\ App-own-target-headers.hmap -Xcc -I/Users/michaellee/Library/Developer/Xcode/DerivedData/powernapv2-djjfebhqyybnwkepdfjnqcouxxjn/Build/Intermediates.noindex/powernapv2.build/Debug-watchsimulator/powernapv2\ Watch\ App.build/powernapv2\ Watch\ App-all-target-headers.hmap -Xcc -iquote -Xcc /Users/michaellee/Library/Developer/Xcode/DerivedData/powernapv2-djjfebhqyybnwkepdfjnqcouxxjn/Build/Intermediates.noindex/powernapv2.build/Debug-watchsimulator/powernapv2\ Watch\ App.build/powernapv2\ Watch\ App-project-headers.hmap -Xcc -I/Users/michaellee/Library/Developer/Xcode/DerivedData/powernapv2-djjfebhqyybnwkepdfjnqcouxxjn/Build/Products/Debug-watchsimulator/include -Xcc -I/Users/michaellee/Library/Developer/Xcode/DerivedData/powernapv2-djjfebhqyybnwkepdfjnqcouxxjn/Build/Intermediates.noindex/powernapv2.build/Debug-watchsimulator/powernapv2\ Watch\ App.build/DerivedSources-normal/arm64 -Xcc -I/Users/michaellee/Library/Developer/Xcode/DerivedData/powernapv2-djjfebhqyybnwkepdfjnqcouxxjn/Build/Intermediates.noindex/powernapv2.build/Debug-watchsimulator/powernapv2\ Watch\ App.build/DerivedSources/arm64 -Xcc -I/Users/michaellee/Library/Developer/Xcode/DerivedData/powernapv2-djjfebhqyybnwkepdfjnqcouxxjn/Build/Intermediates.noindex/powernapv2.build/Debug-watchsimulator/powernapv2\ Watch\ App.build/DerivedSources -Xcc -DDEBUG\=1 -module-name powernapv2_Watch_App -frontend-parseable-output -disable-clang-spi -target-sdk-version 11.2 -target-sdk-name watchsimulator11.2 -external-plugin-path /Applications/Xcode.app/Contents/Developer/Platforms/WatchOS.platform/Developer/usr/lib/swift/host/plugins\#/Applications/Xcode.app/Contents/Developer/Platforms/WatchOS.platform/Developer/usr/bin/swift-plugin-server -external-plugin-path /Applications/Xcode.app/Contents/Developer/Platforms/WatchOS.platform/Developer/usr/local/lib/swift/host/plugins\#/Applications/Xcode.app/Contents/Developer/Platforms/WatchOS.platform/Developer/usr/bin/swift-plugin-server -plugin-path /Applications/Xcode.app/Contents/Developer/Toolchains/XcodeDefault.xctoolchain/usr/lib/swift/host/plugins -plugin-path /Applications/Xcode.app/Contents/Developer/Toolchains/XcodeDefault.xctoolchain/usr/local/lib/swift/host/plugins -o /Users/michaellee/Library/Developer/Xcode/DerivedData/powernapv2-djjfebhqyybnwkepdfjnqcouxxjn/Build/Intermediates.noindex/powernapv2.build/Debug-watchsimulator/powernapv2\ Watch\ App.build/Objects-normal/arm64/AgeGroup.o -o /Users/michaellee/Library/Developer/Xcode/DerivedData/powernapv2-djjfebhqyybnwkepdfjnqcouxxjn/Build/Intermediates.noindex/powernapv2.build/Debug-watchsimulator/powernapv2\ Watch\ App.build/Objects-normal/arm64/NapState.o -index-unit-output-path /powernapv2.build/Debug-watchsimulator/powernapv2\ Watch\ App.build/Objects-normal/arm64/AgeGroup.o -index-unit-output-path /powernapv2.build/Debug-watchsimulator/powernapv2\ Watch\ App.build/Objects-normal/arm64/NapState.o -index-store-path /Users/michaellee/Library/Developer/Xcode/DerivedData/powernapv2-djjfebhqyybnwkepdfjnqcouxxjn/Index.noindex/DataStore -index-system-modules

Command SwiftCompile failed with a nonzero exit code

Command SwiftCompile failed with a nonzero exit code



Build failed    4/15/25, 11:18 PM    2.4 seconds
